<?xml version="1.0" encoding="UTF-8"?>
<!-- Generated by org.testng.reporters.JUnitXMLReporter -->
<testsuite hostname="VincentLaptop" name="Default test" tests="3" failures="0" timestamp="9 Sep 2016 08:31:49 GMT" time="2.627" errors="0">
  <testcase name="fromPathTest" time="0.3" classname="br.com.trustsystems.elfinder.service.GoogleDriveVolumeTest"/>
  <testcase name="getSizeTest" time="0.27" classname="br.com.trustsystems.elfinder.service.GoogleDriveVolumeTest"/>
  <testcase name="openInputStreamTest" time="0.874" classname="br.com.trustsystems.elfinder.service.GoogleDriveVolumeTest"/>
</testsuite> <!-- Default test -->
